<?xml version="1.0" encoding="UTF-8"?>
<testng-results skipped="0" failed="0" total="1" passed="1">
  <reporter-output>
  </reporter-output>
  <suite name="Default suite" duration-ms="18188" started-at="2017-06-02T10:16:42Z" finished-at="2017-06-02T10:17:00Z">
    <groups>
    </groups>
    <test name="Default test" duration-ms="18188" started-at="2017-06-02T10:16:42Z" finished-at="2017-06-02T10:17:00Z">
      <class name="EmulatorWeb.EmulatorWeb">
        <test-method status="PASS" signature="setup()[pri:0, instance:EmulatorWeb.EmulatorWeb@6a4f787b]" name="setup" is-config="true" duration-ms="12347" started-at="2017-06-02T15:46:42Z" finished-at="2017-06-02T15:46:54Z">
          <reporter-output>
          </reporter-output>
        </test-method> <!-- setup -->
        <test-method status="PASS" signature="testSearchAppium()[pri:0, instance:EmulatorWeb.EmulatorWeb@6a4f787b]" name="testSearchAppium" duration-ms="2701" started-at="2017-06-02T15:46:54Z" finished-at="2017-06-02T15:46:57Z">
          <reporter-output>
          </reporter-output>
        </test-method> <!-- testSearchAppium -->
        <test-method status="PASS" signature="tearDown()[pri:0, instance:EmulatorWeb.EmulatorWeb@6a4f787b]" name="tearDown" is-config="true" duration-ms="3102" started-at="2017-06-02T15:46:57Z" finished-at="2017-06-02T15:47:00Z">
          <reporter-output>
          </reporter-output>
        </test-method> <!-- tearDown -->
      </class> <!-- EmulatorWeb.EmulatorWeb -->
    </test> <!-- Default test -->
  </suite> <!-- Default suite -->
</testng-results>
